MPASM 5.87  /HOME/PALADE/MPLABXPROJECTS/TOGG   4-2-2020  9:45:58         PAGE  1


LOC  OBJECT CODE     LINE SOURCE TEXT
  VALUE

                      00001 ;************************************
                      00002 ; Written by:         Palade Bianca *
                      00003 ; Date:               24.03.2020    *
                      00004 ; for PIC:            10F200        *
                      00005 ; Clock frequency:    4MHz          *
                      00006 ;************************************
                      00007  
                      00008 ; PROGRAM FUNCTION: _______________________________________
                      00009 ;__________________________________________________________
                      00010      
                      00011 ;_______________________________
                      00012 ; Declarations:
                      00013 ;_______________________________
                      00014 ;Timing register and GPIO
  00000001            00015 TMR0   EQU 1
  00000006            00016 GPIO   EQU 6
  00000003            00017 STATUS EQU 3
                      00018      UDATA
Warning[231]: No memory has been reserved by this instruction
0000                  00019 REG    RES 0
                      00020      
                      00021 ;Processor reset vector  
                      00022 RES_VECT  CODE    0x0000  
                      00023 
                      00024 ;Go to beginning of program
Warning[203]: Found opcode in column 1. (GOTO)
0000   0A??           00025 GOTO    INIT          
                      00026 
                      00027 ;_______________________________
                      00028 ; Subroutines:
                      00029 ;_______________________________
                      00030 ;Let linker place main program
                      00031 MAIN_PROG CODE                      
0000                  00032 INIT
0000   0C00           00033     MOVLW 0       ; W = 0
0001   0006           00034     TRIS 6        ; TRIS = W
0002   0066           00035     CLRF GPIO     ; GPIO = W (0xFF)
0003   0C07           00036     MOVLW 0x07    ; W = 7
0004   0002           00037     OPTION        ; OPTION = W = 0000_0111 -> Intern Timer, Prescaler Period = 1:256
                      00038 ;_______________________________
                      00039 ; Program Start:
                      00040 ;_______________________________
0005                  00041 START
                      00042    
Warning[207]: Found label after column 1. (COMMAND)
0005                  00043     COMMAND
                      00044     ;Toggle 2 ms
0005   0C08           00045     MOVLW 0x08         
0006   0A??           00046     GOTO TOGGLE
                      00047     
                      00048     ; Delay 27.8 ms
0007   0C6C           00049     MOVLW 0x6C
0008   0A??           00050     GOTO DELAY
MPASM 5.87  /HOME/PALADE/MPLABXPROJECTS/TOGG   4-2-2020  9:45:58         PAGE  2


LOC  OBJECT CODE     LINE SOURCE TEXT
  VALUE

                      00051     
                      00052     ; Toggle 0.5 ms
0009   0A??           00053     GOTO TOGGLE1
                      00054     
                      00055     ; Delay 1.5 ms
000A   0C06           00056     MOVLW 0x06
000B   0A??           00057     GOTO DELAY
                      00058     
                      00059     ; Toggle 0.5 ms
000C   0A??           00060     GOTO TOGGLE1
                      00061     
                      00062     ; Delay 3.5 ms
000D   0C0E           00063     MOVLW 0x0E
000E   0A??           00064     GOTO DELAY
                      00065     
                      00066     ; Toggle 0.5 ms
000F   0A??           00067     GOTO TOGGLE1
Warning[227]: Substituting RETLW 0 for RETURN pseudo-op
0010   0800           00068     RETURN
                      00069     
                      00070     ; Delay 63 ms
0011   0CF6           00071     MOVLW 0xF6
0012   0A??           00072     GOTO DELAY
                      00073     
0013   0A??           00074     GOTO COMMAND
Warning[203]: Found opcode in column 1. (GOTO)
0014   0A??           00075 GOTO START
                      00076     
                      00077 ;__________________________________________________
                      00078 ; Prescaler Period = 1:256
                      00079 ;            F_osc = 4MHz
                      00080 ;            F_CPU = 4MHZ/4 = 1MHz
                      00081 ;          F_timer = 1Hz / 256 = 10^6 / 256 = 3906.25 Hz
                      00082 ;          T_timer = 1/F_timer = 256 us
                      00083 ;
                      00084 ; 1000 ms(1s) .................... 3906.25 
                      00085 ;   63 ms     .................... 246    
                      00086 ; 27.8 ms     .................... 108.59 ~ 108
                      00087 ;  3.5 ms     .................... 13.67  ~  14
                      00088 ;    2 ms     .................... 7.81   ~   8
                      00089 ;  1.5 ms     .................... 5.85   ~   6  
                      00090 ;  0.5 ms     .................... 2  
                      00091 ;__________________________________________________
                      00092 
0015                  00093 DELAY
0015   00??           00094     MOVWF REG              ; REG  = W
0016   0061           00095     CLRF  TMR0             ; TMR0 = 0
Warning[207]: Found label after column 1. (LOOP)
0017                  00096     LOOP 
0017   09??           00097         CALL _SUB
0018   0A??           00098     GOTO LOOP
Warning[204]: Found pseudo-op in column 1. (RETURN)
Warning[227]: Substituting RETLW 0 for RETURN pseudo-op
MPASM 5.87  /HOME/PALADE/MPLABXPROJECTS/TOGG   4-2-2020  9:45:58         PAGE  3


LOC  OBJECT CODE     LINE SOURCE TEXT
  VALUE

0019   0800           00099 RETURN 
                      00100 
                      00101         
001A                  00102 TOGGLE
001A   0061           00103     CLRF  TMR0
001B   00??           00104     MOVWF REG              ; REG  = W
Warning[207]: Found label after column 1. (LOOP1)
001C                  00105     LOOP1
001C   0506           00106         BSF GPIO, 0        ; GP0 = 5 V
001D   09??           00107         CALL _SUB
001E   09??           00108         CALL _SUB
001F   0406           00109         BCF GPIO, 0
0020   09??           00110         CALL _SUB
0021   0A??           00111     GOTO LOOP1
Warning[204]: Found pseudo-op in column 1. (RETURN)
Warning[227]: Substituting RETLW 0 for RETURN pseudo-op
0022   0800           00112 RETURN 
                      00113     
0023                  00114 TOGGLE1
0023   0C02           00115     MOVLW 0x02
0024   0A??           00116     GOTO TOGGLE
Warning[204]: Found pseudo-op in column 1. (RETURN)
Warning[227]: Substituting RETLW 0 for RETURN pseudo-op
0025   0800           00117 RETURN
                      00118  
                      00119     
0026                  00120 _SUB:
0026   02??           00121     MOVF  REG, W       ;    W = REG
0027   0081           00122     SUBWF TMR0, W      ;    W = TMR0 - W
0028   0743           00123     BTFSS STATUS, 2    ;    check  if ((TMR0 - W) == 0)
Warning[204]: Found pseudo-op in column 1. (RETURN)
Warning[227]: Substituting RETLW 0 for RETURN pseudo-op
0029   0800           00124 RETURN 
                      00125     
                      00126 ;LOOP1
                      00127 ;    MOVLW 25
                      00128 ;    SUBWF TMR0, w
                      00129 ;    BTFSS STATUS, 2
                      00130 ;    goto LOOP1
                      00131     
                      00132 ;LOOP1
                      00133 ;    MOVLW 7
                      00134 ;    OPTION
                      00135 ;    MOVLW 0x02
                      00136 ;    SUBWF TMR0, 1
                      00137 ;    BTFSC STATUS, 2
                      00138 ;    goto LOOP1
                      00139 
                      00140 ;LOOP1
                      00141 ;    BSF  GPIO, 0 
                      00142 ;    SUBWF TMR0, 0
                      00143 ;    BTFSS STATUS, 2
                      00144 ;    goto LOOP1
MPASM 5.87  /HOME/PALADE/MPLABXPROJECTS/TOGG   4-2-2020  9:45:58         PAGE  4


LOC  OBJECT CODE     LINE SOURCE TEXT
  VALUE

Warning[205]: Found directive in column 1. (END)
                      00145 END
MPASM 5.87  /HOME/PALADE/MPLABXPROJECTS/TOGG   4-2-2020  9:45:58         PAGE  5


SYMBOL TABLE
  LABEL                             VALUE 

COMMAND                           00000005
DELAY                             00000015
GPIO                              00000006
INIT                              00000000
LOOP                              00000017
LOOP1                             0000001C
REG                               00000000
START                             00000005
STATUS                            00000003
TMR0                              00000001
TOGGLE                            0000001A
TOGGLE1                           00000023
_SUB                              00000026
__10F200                          00000001
__DEBUG                           
__MPLAB_DEBUGGER_SIMULATOR        1

Errors   :     0
Warnings :    16 reported,     0 suppressed
Messages :     0 reported,     0 suppressed

